 7E 40 51 00 CB 71 FA 1F CC FE 1F 00 39 01 00 00 00 00 00 00 F6 7E 
 7E 40 51 00 C6 71 01 10 CC FE 1F 00 39 01 00 00 00 00 00 00 03 7E 
 7E 40 51 00 C6 71 05 10 8C FE 1F 00 39 01 00 00 00 00 00 00 3F 7E 
 7E 40 51 00 C4 71 08 10 8C FE 1F 00 39 01 00 00 00 00 00 00 3E 7E 
 7E 40 51 00 C2 71 06 10 5C FE 1F 00 39 01 00 00 00 00 00 00 72 7E 
 7E 40 51 00 BF 71 05 10 5C FE 1F 00 39 01 00 00 00 00 00 00 76 7E 
 7E 40 51 00 BD 71 05 10 5C FE 1F 00 39 01 00 00 00 00 00 00 78 7E 
 7E 40 51 00 BB 71 03 10 5C FE 1F 00 39 01 00 00 00 00 00 00 7C 7E 
 7E 40 51 00 BB 71 03 10 5C FE 1F 00 39 01 00 00 00 00 00 00 7C 7E 
 7E 40 51 00 B9 71 05 10 4C FE 1F 00 39 01 00 00 00 00 00 00 8C 7E 
 7E 40 51 00 B6 71 06 10 2C FE 1F 00 39 01 00 00 00 00 00 00 AE 7E 
 7E 40 51 00 B4 71 03 10 2C FE 1F 00 39 01 00 00 00 00 00 00 B3 7E 
 7E 40 51 00 B4 71 02 10 2C FE 1F 00 39 01 00 00 00 00 00 00 B4 7E 
 7E 40 51 00 B2 71 02 10 2C FE 1F 00 39 01 00 00 00 00 00 00 B6 7E 
 7E 40 51 00 B0 71 02 10 0C FE 1F 00 3A 01 00 00 00 00 00 00 D7 7E 
 7E 40 51 00 AD 71 02 10 0C FE 1F 00 3A 01 00 00 00 00 00 00 DA 7E 
 7E 40 51 00 AB 71 02 10 FC FD 1F 00 3A 01 00 00 00 00 00 00 ED 7E 
 7E 40 51 00 A9 71 01 10 FC FD 1F 00 3A 01 00 00 00 00 00 00 F0 7E 
 7E 40 51 00 A9 71 01 10 FC FD 1F 00 3A 01 00 00 00 00 00 00 F0 7E 
 7E 40 51 00 A7 71 02 10 DC FD 1F 00 3A 01 00 00 00 00 00 00 11 7E 
 7E 40 51 00 A4 71 03 10 DC FD 1F 00 3A 01 00 00 00 00 00 00 13 7E 
 7E 40 51 00 A2 71 04 10 CC FD 1F 00 3A 01 00 00 00 00 00 00 24 7E 
 7E 40 51 00 A0 71 03 10 CC FD 1F 00 3A 01 00 00 00 00 00 00 27 7E 
 7E 40 51 00 9E 71 03 10 CC FD 1F 00 3A 01 00 00 00 00 00 00 29 7E 
 7E 40 51 00 9E 71 03 10 AC FD 1F 00 3A 01 00 00 00 00 00 00 49 7E 
 7E 40 51 00 9B 71 03 10 AC FD 1F 00 3A 01 00 00 00 00 00 00 4C 7E 
 7E 40 51 00 99 71 03 10 AC FD 1F 00 3A 01 00 00 00 00 00 00 4E 7E 
 7E 40 51 00 97 71 03 10 AC FD 1F 00 3A 01 00 00 00 00 00 00 50 7E 
 7E 40 51 00 95 71 03 10 AC FD 1F 00 3A 01 00 00 00 00 00 00 52 7E 
 7E 40 51 00 92 71 03 10 AC FD 1F 00 3A 01 00 00 00 00 00 00 55 7E 
 7E 40 51 00 90 71 03 10 AC FD 1F 00 3A 01 00 00 00 00 00 00 57 7E 
 7E 40 51 00 8E 71 03 10 AC FD 1F 00 3A 01 00 00 00 00 00 00 59 7E 
 7E 40 51 00 8E 71 03 10 AC FD 1F 00 3A 01 00 00 00 00 00 00 59 7E 
 7E 40 51 00 89 71 04 10 AC FD 1F 00 3A 01 00 00 00 00 00 00 5D 7E 
 7E 40 51 00 89 71 04 10 CC FD 1F 00 3A 01 00 00 00 00 00 00 4D 7E 
 7E 40 51 00 87 71 04 10 CC FD 1F 00 3A 01 00 00 00 00 00 00 3F 7E 
 7E 40 51 00 85 71 04 10 CC FD 1F 00 3A 01 00 00 00 00 00 00 41 7E 
 7E 40 51 00 83 71 04 10 CC FD 1F 00 3A 01 00 00 00 00 00 00 43 7E 
 7E 40 51 00 80 71 02 10 CC FD 1F 00 3A 01 00 00 00 00 00 00 48 7E 
 7E 40 51 00 7D 5E 71 01 10 CC FD 1F 00 3A 01 00 00 00 00 00 00 4B 7E 
 7E 40 51 00 7C 71 02 10 CC FD 1F 00 3A 01 00 00 00 00 00 00 4C 7E 
 7E 40 51 00 7A 71 03 10 CC FD 1F 00 3A 01 00 00 00 00 00 00 4D 7E 
 7E 40 51 00 77 71 03 10 CC FD 1F 00 3A 01 00 00 00 00 00 00 50 7E 
 7E 40 51 00 75 71 02 10 CC FD 1F 00 3A 01 00 00 00 00 00 00 53 7E 
 7E 40 51 00 73 71 03 10 CC FD 1F 00 3A 01 00 00 00 00 00 00 54 7E 
 7E 40 51 00 71 71 05 10 AC FD 1F 00 3A 01 00 00 00 00 00 00 74 7E 
 7E 40 51 00 6E 71 04 10 AC FD 1F 00 3A 01 00 00 00 00 00 00 78 7E 
 7E 40 51 00 6C 71 03 10 DC FE 1F 00 3A 01 00 00 00 00 00 00 4A 7E 
 7E 40 51 00 6A 71 01 10 DC FE 1F 00 3A 01 00 00 00 00 00 00 4E 7E 
 7E 40 51 00 68 71 02 10 7C FF 1F 00 3A 01 00 00 00 00 00 00 AE 7E 
 7E 40 51 00 65 71 FD 1F DC FF 1F 00 3A 01 00 00 00 00 00 00 47 7E 
 7E 40 51 00 63 71 FD 1F DC FF 1F 00 3A 01 00 00 00 00 00 00 49 7E 
 7E 40 51 00 61 71 F9 1F DC FF 1F 00 3A 01 00 00 00 00 00 00 4F 7E 
 7E 40 51 00 5F 71 FB 1F 3C 00 10 00 3A 01 00 00 00 00 00 00 FD 7E 
 7E 40 51 00 5C 71 FB 1F 1C 00 10 00 3A 01 00 00 00 00 00 00 20 7E 
 7E 40 51 00 5A 71 FD 1F 1C 00 10 00 3A 01 00 00 00 00 00 00 20 7E 
 7E 40 51 00 58 71 FD 1F 1C 00 10 00 3A 01 00 00 00 00 00 00 22 7E 
 7E 40 51 00 56 71 FE 1F 7C FF 1F 00 3A 01 00 00 00 00 00 00 B5 7E 
 7E 40 51 00 53 71 FD 1F 7C FF 1F 00 3A 01 00 00 00 00 00 00 B9 7E 
 7E 40 51 00 51 71 FF 1F 0C FF 1F 00 3A 01 00 00 00 00 00 00 29 7E 
 7E 40 51 00 4F 71 FF 1F 0C FF 1F 00 3A 01 00 00 00 00 00 00 2B 7E 
 7E 40 51 00 4D 71 FF 1F FC FE 1F 00 3A 01 00 00 00 00 00 00 3E 7E 
 7E 40 51 00 4A 71 00 10 FC FE 1F 00 3A 01 00 00 00 00 00 00 4F 7E 
 7E 40 51 00 48 71 00 10 CC FE 1F 00 3A 01 00 00 00 00 00 00 81 7E 
 7E 40 51 00 46 71 FE 1F CC FE 1F 00 3A 01 00 00 00 00 00 00 76 7E 
 7E 40 51 00 44 71 FC 1F CC FE 1F 00 3A 01 00 00 00 00 00 00 7A 7E 
 7E 40 51 00 41 71 FC 1F CC FE 1F 00 3A 01 00 00 00 00 00 00 7D 5D 7E 
 7E 40 51 00 3F 71 01 10 AC FE 1F 00 3A 01 00 00 00 00 00 00 A9 7E 
 7E 40 51 00 3D 71 02 10 AC FE 1F 00 3A 01 00 00 00 00 00 00 AA 7E 
 7E 40 51 00 3B 71 03 10 8C FE 1F 00 3A 01 00 00 00 00 00 00 CB 7E 
 7E 40 51 00 38 71 02 10 8C FE 1F 00 3A 01 00 00 00 00 00 00 CF 7E 
 7E 40 51 00 36 71 01 10 8C FE 1F 00 3A 01 00 00 00 00 00 00 D2 7E 
 7E 40 51 00 34 71 01 10 AC FE 1F 00 3A 01 00 00 00 00 00 00 B4 7E 
 7E 40 51 00 32 71 00 10 AC FE 1F 00 3A 01 00 00 00 00 00 00 B7 7E 
 7E 40 51 00 2F 71 FD 1F AC FE 1F 00 3A 01 00 00 00 00 00 00 AE 7E 
 7E 40 51 00 2D 71 FC 1F 0C FF 1F 00 3A 01 00 00 00 00 00 00 50 7E 
 7E 40 51 00 2B 71 FC 1F 0C 00 10 00 3A 01 00 00 00 00 00 00 60 7E 
 7E 40 51 00 29 71 FE 1F 0C 00 10 00 3A 01 00 00 00 00 00 00 60 7E 
 7E 40 51 00 26 71 FF 1F 0C 00 10 00 3A 01 00 00 00 00 00 00 62 7E 
 7E 40 51 00 24 71 FB 1F 4C 01 10 00 3A 01 00 00 00 00 00 00 27 7E 
 7E 40 51 00 22 71 F9 1F 4C 01 10 00 3A 01 00 00 00 00 00 00 2B 7E 
 7E 40 51 00 20 71 F8 1F 3C 01 10 00 3A 01 00 00 00 00 00 00 3E 7E 
 7E 40 51 00 1D 71 F9 1F FC FF 1F 00 3A 01 00 00 00 00 00 00 73 7E 
 7E 40 51 00 19 71 FB 1F FC FF 1F 00 3A 01 00 00 00 00 00 00 75 7E 
 7E 40 51 00 17 71 FD 1F 7C FE 1F 00 3A 01 00 00 00 00 00 00 F6 7E 
 7E 40 51 00 14 71 FE 1F 7C FE 1F 00 3A 01 00 00 00 00 00 00 F8 7E 
 7E 40 51 00 12 71 FF 1F 7C FE 1F 00 3A 01 00 00 00 00 00 00 F9 7E 
 7E 40 51 00 10 71 01 10 7C FE 1F 00 3A 01 00 00 00 00 00 00 08 7E 
 7E 40 51 00 0E 71 02 10 7C FE 1F 00 3A 01 00 00 00 00 00 00 09 7E 
 7E 40 51 00 0B 71 02 10 AC FE 1F 00 3A 01 00 00 00 00 00 00 DC 7E 
 7E 40 51 00 09 71 01 10 AC FF 1F 00 3A 01 00 00 00 00 00 00 DE 7E 
 7E 40 51 00 07 71 FE 1F AC FF 1F 00 3A 01 00 00 00 00 00 00 D4 7E 
 7E 40 51 00 05 71 FD 1F 4C 01 10 00 3A 01 00 00 00 00 00 00 44 7E 
 7E 40 51 00 02 71 FB 1F 4C 01 10 00 3A 01 00 00 00 00 00 00 49 7E 
 7E 40 51 00 01 70 FB 1F 0C 02 10 00 3A 01 00 00 00 00 00 00 8A 7E 
 7E 40 51 00 FE 70 F9 1F 0C 02 10 00 3A 01 00 00 00 00 00 00 8F 7E 
 7E 40 51 00 FC 70 F8 1F 1C 02 10 00 3A 01 00 00 00 00 00 00 82 7E 
 7E 40 51 00 F9 70 F9 1F 1C 02 10 00 3A 01 00 00 00 00 00 00 84 7E 
 7E 40 51 00 F7 70 F9 1F 1C 02 10 00 3A 01 00 00 00 00 00 00 86 7E 
 7E 40 51 00 F5 70 F8 1F EC 01 10 00 3A 01 00 00 00 00 00 00 BA 7E 
 7E 40 51 00 F2 70 F8 1F EC 01 10 00 3A 01 00 00 00 00 00 00 BD 7E 
 7E 40 51 00 F0 70 F8 1F 8C 01 10 00 3A 01 00 00 00 00 00 00 1F 7E 
 7E 40 51 00 EE 70 FA 1F 3C 01 10 00 3A 01 00 00 00 00 00 00 6F 7E 
 7E 40 51 00 EC 70 FB 1F 3C 01 10 00 3A 01 00 00 00 00 00 00 70 7E 
 7E 40 51 00 EA 70 FB 1F 1C 01 10 00 3A 01 00 00 00 00 00 00 92 7E 
 7E 40 51 00 E7 70 F9 1F 1C 01 10 00 3A 01 00 00 00 00 00 00 97 7E 
 7E 40 51 00 E5 70 F8 1F 1C 01 10 00 3A 01 00 00 00 00 00 00 9A 7E 
 7E 40 51 00 E3 70 F8 1F 1C 01 10 00 3A 01 00 00 00 00 00 00 9C 7E 
 7E 40 51 00 E3 70 F9 1F 1C 01 10 00 3A 01 00 00 00 00 00 00 9B 7E 
 7E 40 51 00 E1 70 FA 1F 0C 01 10 00 3A 01 00 00 00 00 00 00 AC 7E 
 7E 40 51 00 DE 70 F9 1F BC 00 10 00 3A 01 00 00 00 00 00 00 01 7E 
 7E 40 51 00 DC 70 F7 1F BC 00 10 00 3A 01 00 00 00 00 00 00 05 7E 
 7E 40 51 00 DA 70 F7 1F 4C 00 10 00 3A 01 00 00 00 00 00 00 77 7E 
 7E 40 51 00 D8 70 F8 1F 4C 00 10 00 3A 01 00 00 00 00 00 00 78 7E 
 7E 40 51 00 D5 70 FB 1F DC FF 1F 00 3A 01 00 00 00 00 00 00 DA 7E 
 7E 40 51 00 D3 70 FD 1F DC FF 1F 00 3A 01 00 00 00 00 00 00 DA 7E 
 7E 40 51 00 D3 70 FE 1F 7C FF 1F 00 3A 01 00 00 00 00 00 00 39 7E 
 7E 40 51 00 D1 70 FD 1F 7C FF 1F 00 3A 01 00 00 00 00 00 00 3C 7E 
 7E 40 51 00 CF 70 FC 1F 7C FF 1F 00 3A 01 00 00 00 00 00 00 3F 7E 
 7E 40 51 00 CC 70 FB 1F 4C FF 1F 00 3A 01 00 00 00 00 00 00 73 7E 
 7E 40 51 00 CA 70 FB 1F 0C FF 1F 00 3A 01 00 00 00 00 00 00 B5 7E 
 7E 40 51 00 C8 70 FC 1F 0C FF 1F 00 3A 01 00 00 00 00 00 00 B6 7E 
 7E 40 51 00 C5 70 FD 1F DC FE 1F 00 3A 01 00 00 00 00 00 00 E9 7E 
 7E 40 51 00 C3 70 FE 1F DC FE 1F 00 3A 01 00 00 00 00 00 00 EA 7E 
 7E 40 51 00 C3 70 FE 1F 8C FE 1F 00 3A 01 00 00 00 00 00 00 3A 7E 
 7E 40 51 00 C1 70 FF 1F 8C FE 1F 00 3A 01 00 00 00 00 00 00 3B 7E 
 7E 40 51 00 BF 70 FE 1F 4C FE 1F 00 3A 01 00 00 00 00 00 00 7D 5E 7E 
 7E 40 51 00 BD 70 FC 1F 4C FE 1F 00 3A 01 00 00 00 00 00 00 82 7E 
 7E 40 51 00 BD 70 FB 1F 4C FE 1F 00 3A 01 00 00 00 00 00 00 83 7E 
 7E 40 51 00 BA 70 FD 1F 2C FE 1F 00 3A 01 00 00 00 00 00 00 A4 7E 
 7E 40 51 00 B8 70 FE 1F 0C FE 1F 00 3C 01 00 00 00 00 00 00 C3 7E 
 7E 40 51 00 B6 70 FE 1F 0C FE 1F 00 3C 01 00 00 00 00 00 00 C5 7E 
 7E 40 51 00 B4 70 FE 1F 0C FE 1F 00 3C 01 00 00 00 00 00 00 C7 7E 
 7E 40 51 00 B1 70 FE 1F 0C FE 1F 00 3E 01 00 00 00 00 00 00 C8 7E 
 7E 40 51 00 AF 70 FE 1F FC FD 1F 00 3E 01 00 00 00 00 00 00 DB 7E 
 7E 40 51 00 AD 70 FE 1F FC FD 1F 00 3F 01 00 00 00 00 00 00 DC 7E 
 7E 40 51 00 AA 70 FE 1F DC FD 1F 00 3F 01 00 00 00 00 00 00 FF 7E 
 7E 40 51 00 A8 70 FE 1F DC FD 1F 00 40 03 00 00 00 00 00 00 FE 7E 
 7E 40 51 00 A8 70 FF 1F DC FD 1F 00 40 03 00 00 00 00 00 00 FD 7E 
 7E 40 51 00 A4 70 FF 1F CC FD 1F 00 40 03 00 00 00 00 00 00 11 7E 
 7E 40 51 00 A2 70 FE 1F CC FD 1F 00 40 03 00 00 00 00 00 00 14 7E 
 7E 40 51 00 9F 70 FE 1F CC FD 1F 00 40 03 00 00 00 00 00 00 17 7E 
 7E 40 51 00 9D 70 FE 1F CC FD 1F 00 40 03 00 00 00 00 00 00 19 7E 
 7E 40 51 00 9B 70 FE 1F CC FD 1F 00 40 03 00 00 00 00 00 00 1B 7E 
 7E 40 51 00 98 70 FD 1F AC FD 1F 00 40 03 00 00 00 00 00 00 3F 7E 
 7E 40 51 00 96 70 FE 1F AC FD 1F 00 41 03 00 00 00 00 00 00 3F 7E 
 7E 40 51 00 94 70 FF 1F 7C FD 1F 00 41 03 00 00 00 00 00 00 70 7E 
 7E 40 51 00 92 70 FF 1F 7C FD 1F 00 41 03 00 00 00 00 00 00 72 7E 
 7E 40 51 00 90 70 00 10 7C FD 1F 00 41 03 00 00 00 00 00 00 82 7E 
 7E 40 51 00 8D 70 00 10 5C FD 1F 00 43 03 00 00 00 00 00 00 A3 7E 
 7E 40 51 00 8B 70 00 10 5C FD 1F 00 43 03 00 00 00 00 00 00 A5 7E 
 7E 40 51 00 89 70 00 10 5C FD 1F 00 43 03 00 00 00 00 00 00 A7 7E 
 7E 40 51 00 87 70 00 10 5C FD 1F 00 43 03 00 00 00 00 00 00 A9 7E 
 7E 40 51 00 84 70 FF 1F 5C FD 1F 00 43 03 00 00 00 00 00 00 9E 7E 
 7E 40 51 00 80 70 00 10 5C FD 1F 00 43 03 00 00 00 00 00 00 B0 7E 
 7E 40 51 00 80 70 00 10 5C FD 1F 00 43 03 00 00 00 00 00 00 B0 7E 
 7E 40 51 00 7B 70 FF 1F 5C FD 1F 00 43 03 00 00 00 00 00 00 A7 7E 
 7E 40 51 00 79 70 FF 1F 4C FD 1F 00 43 03 00 00 00 00 00 00 B9 7E 
 7E 40 51 00 77 70 FE 1F 4C FD 1F 00 43 03 00 00 00 00 00 00 BC 7E 
 7E 40 51 00 75 70 FE 1F 4C FD 1F 00 43 03 00 00 00 00 00 00 BE 7E 
 7E 40 51 00 70 70 00 10 4C FD 1F 00 43 03 00 00 00 00 00 00 D0 7E 
 7E 40 51 00 6E 70 00 10 4C FD 1F 00 43 03 00 00 00 00 00 00 D2 7E 
 7E 40 51 00 6B 70 00 10 2C FD 1F 00 41 03 00 00 00 00 00 00 F7 7E 
 7E 40 51 00 69 70 FF 1F 2C FD 1F 00 41 03 00 00 00 00 00 00 EB 7E 
 7E 40 51 00 65 70 FF 1F 2C FD 1F 00 41 03 00 00 00 00 00 00 EF 7E 
 7E 40 51 00 62 70 FF 1F 2C FD 1F 00 3F 03 00 00 00 00 00 00 F4 7E 
 7E 40 51 00 60 70 FF 1F 2C FD 1F 00 3F 03 00 00 00 00 00 00 F6 7E 
 7E 40 51 00 5E 70 FF 1F 2C FD 1F 00 3D 03 00 00 00 00 00 00 FA 7E 
 7E 40 51 00 5A 70 FF 1F 2C FD 1F 00 3D 03 00 00 00 00 00 00 FE 7E 
 7E 40 51 00 57 70 FF 1F 2C FD 1F 00 3D 03 00 00 00 00 00 00 01 7E 
 7E 40 51 00 55 70 FF 1F 2C FD 1F 00 3D 03 00 00 00 00 00 00 03 7E 
 7E 40 51 00 53 70 FF 1F 2C FD 1F 00 3D 03 00 00 00 00 00 00 05 7E 
 7E 40 51 00 50 70 01 10 2C FD 1F 00 3D 03 00 00 00 00 00 00 15 7E 
 7E 40 51 00 4E 70 01 10 2C FD 1F 00 3D 03 00 00 00 00 00 00 17 7E 
 7E 40 51 00 4C 70 FF 1F 2C FD 1F 00 3E 03 00 00 00 00 00 00 0B 7E 
 7E 40 51 00 4A 70 FF 1F 2C FD 1F 00 3E 03 00 00 00 00 00 00 0D 7E 
 7E 40 51 00 48 70 FE 1F 2C FD 1F 00 3E 03 00 00 00 00 00 00 10 7E 
 7E 40 51 00 45 70 FF 1F 2C FD 1F 00 3E 03 00 00 00 00 00 00 12 7E 
 7E 40 51 00 43 70 01 10 2C FD 1F 00 3E 03 00 00 00 00 00 00 21 7E 
 7E 40 51 00 41 70 01 10 2C FD 1F 00 3E 03 00 00 00 00 00 00 23 7E 
 7E 40 51 00 3E 70 01 10 2C FD 1F 00 3E 03 00 00 00 00 00 00 26 7E 
 7E 40 51 00 3C 70 00 10 2C FD 1F 00 3E 03 00 00 00 00 00 00 29 7E 
 7E 40 51 00 3A 70 FF 1F 2C FD 1F 00 3E 03 00 00 00 00 00 00 1D 7E 
 7E 40 51 00 38 70 FF 1F 2C FD 1F 00 3C 03 00 00 00 00 00 00 21 7E 
 7E 40 51 00 35 70 01 10 2C FD 1F 00 3C 03 00 00 00 00 00 00 31 7E 
 7E 40 51 00 35 70 00 10 2C FD 1F 00 3C 03 00 00 00 00 00 00 32 7E 
 7E 40 51 00 33 70 01 10 2C FD 1F 00 3C 03 00 00 00 00 00 00 33 7E 
 7E 40 51 00 31 70 00 10 2C FD 1F 00 3D 03 00 00 00 00 00 00 35 7E 
 7E 40 51 00 2F 70 FE 1F 2C FD 1F 00 3D 03 00 00 00 00 00 00 2A 7E 
 7E 40 51 00 2D 70 FE 1F 2C FD 1F 00 3D 03 00 00 00 00 00 00 2C 7E 
 7E 40 51 00 2A 70 FE 1F 2C FD 1F 00 3D 03 00 00 00 00 00 00 2F 7E 
 7E 40 51 00 2A 70 00 10 2C FD 1F 00 3D 03 00 00 00 00 00 00 3C 7E 
 7E 40 51 00 26 70 01 10 2C FD 1F 00 3D 03 00 00 00 00 00 00 3F 7E 
 7E 40 51 00 26 70 01 10 2C FD 1F 00 3D 03 00 00 00 00 00 00 3F 7E 
 7E 40 51 00 23 70 00 10 2C FD 1F 00 3C 03 00 00 00 00 00 00 44 7E 
 7E 40 51 00 21 70 FF 1F 2C FD 1F 00 3C 03 00 00 00 00 00 00 38 7E 
 7E 40 51 00 21 70 FF 1F 2C FD 1F 00 3C 03 00 00 00 00 00 00 38 7E 
 7E 40 51 00 1F 70 FF 1F 2C FD 1F 00 3C 03 00 00 00 00 00 00 3A 7E 
 7E 40 51 00 1D 70 FF 1F 2C FD 1F 00 3C 03 00 00 00 00 00 00 3C 7E 
 7E 40 51 00 1A 70 01 10 4C FD 1F 00 3C 03 00 00 00 00 00 00 2C 7E 
 7E 40 51 00 18 70 00 10 4C FD 1F 00 3C 03 00 00 00 00 00 00 2F 7E 
 7E 40 51 00 18 70 00 10 4C FD 1F 00 3C 03 00 00 00 00 00 00 2F 7E 
 7E 40 51 00 16 70 FF 1F 4C FD 1F 00 3B 01 00 00 00 00 00 00 26 7E 
 7E 40 51 00 14 70 FF 1F 4C FD 1F 00 3B 01 00 00 00 00 00 00 28 7E 
 7E 40 51 00 14 70 00 10 4C FD 1F 00 3B 01 00 00 00 00 00 00 36 7E 
 7E 40 51 00 11 70 00 10 4C FD 1F 00 3B 01 00 00 00 00 00 00 39 7E 
 7E 40 51 00 0F 70 00 10 5C FD 1F 00 3B 01 00 00 00 00 00 00 2B 7E 
 7E 40 51 00 0D 70 00 10 5C FD 1F 00 3B 01 00 00 00 00 00 00 2D 7E 
 7E 40 51 00 0B 70 FF 1F 5C FD 1F 00 3B 01 00 00 00 00 00 00 21 7E 
 7E 40 51 00 08 70 00 10 7C FD 1F 00 3B 01 00 00 00 00 00 00 12 7E 
 7E 40 51 00 06 70 00 10 7C FD 1F 00 3B 01 00 00 00 00 00 00 14 7E 
 7E 40 51 00 04 70 00 10 7C FD 1F 00 3B 01 00 00 00 00 00 00 16 7E 
 7E 40 51 00 02 70 00 10 8C FD 1F 00 3C 01 00 00 00 00 00 00 07 7E 
 7E 40 51 00 02 70 00 10 8C FD 1F 00 3C 01 00 00 00 00 00 00 07 7E 
 7E 40 51 00 02 70 00 10 AC FD 1F 00 3C 01 00 00 00 00 00 00 E7 7E 
 7E 40 51 00 00 70 FF 1F AC FD 1F 00 3C 01 00 00 00 00 00 00 DB 7E 
 7E 40 51 00 00 70 00 10 DC FD 1F 00 3C 01 00 00 00 00 00 00 B9 7E 
 7E 40 51 00 00 70 00 10 DC FD 1F 00 3C 01 00 00 00 00 00 00 B9 7E 
 7E 40 51 00 00 70 00 10 DC FD 1F 00 3C 01 00 00 00 00 00 00 B9 7E 
 7E 40 51 00 00 70 00 10 0C FE 1F 00 3E 01 00 00 00 00 00 00 86 7E 
 7E 40 51 00 00 70 00 10 0C FE 1F 00 3E 01 00 00 00 00 00 00 86 7E 
 7E 40 51 00 00 70 00 10 0C FE 1F 00 44 03 00 00 00 00 00 00 7D 5E 7E 
 7E 40 51 00 00 70 00 10 FC FD 1F 00 44 03 00 00 00 00 00 00 8F 7E 
 7E 40 51 00 00 70 00 10 FC FD 1F 00 49 03 00 00 00 00 00 00 8A 7E 
 7E 40 51 00 00 70 00 10 FC FD 1F 00 49 03 00 00 00 00 00 00 8A 7E 
 7E 40 51 00 00 70 00 10 FC FD 1F 00 4E 03 00 00 00 00 00 00 85 7E 
 7E 40 51 00 00 70 00 10 FC FD 1F 00 4E 03 00 00 00 00 00 00 85 7E 
 7E 40 51 00 00 70 00 10 FC FD 1F 00 4E 03 00 00 00 00 00 00 85 7E 
 7E 40 51 00 00 70 00 10 FC FD 1F 00 51 03 00 00 00 00 00 00 82 7E 
 7E 40 51 00 00 70 00 10 FC FD 1F 00 51 03 00 00 00 00 00 00 82 7E 
 7E 40 51 00 00 70 00 10 DC FD 1F 00 51 03 00 00 00 00 00 00 A2 7E 
 7E 40 51 00 00 70 FF 1F DC FD 1F 00 51 03 00 00 00 00 00 00 94 7E 
 7E 40 51 00 00 70 00 10 DC FD 1F 00 51 03 00 00 00 00 00 00 A2 7E 
 7E 40 51 00 00 70 00 10 DC FD 1F 00 51 03 00 00 00 00 00 00 A2 7E 
 7E 40 51 00 00 70 00 10 DC FD 1F 00 51 03 00 00 00 00 00 00 A2 7E 
 7E 40 51 00 00 70 00 10 DC FD 1F 00 51 03 00 00 00 00 00 00 A2 7E 
 7E 40 51 00 00 70 00 10 DC FD 1F 00 51 03 00 00 00 00 00 00 A2 7E 
 7E 40 51 00 00 70 00 10 DC FD 1F 00 51 03 00 00 00 00 00 00 A2 7E 
 7E 40 51 00 00 70 00 10 DC FD 1F 00 51 03 00 00 00 00 00 00 A2 7E 
 7E 40 51 00 00 70 01 10 DC FD 1F 00 51 03 00 00 00 00 00 00 A1 7E 
 7E 40 51 00 00 70 00 10 DC FD 1F 00 51 03 00 00 00 00 00 00 A2 7E 
 7E 40 51 00 00 70 00 10 DC FD 1F 00 51 03 00 00 00 00 00 00 A2 7E 
 7E 40 51 00 00 70 00 10 DC FD 1F 00 52 03 00 00 00 00 00 00 A1 7E 
 7E 40 51 00 00 70 00 10 DC FD 1F 00 52 03 00 00 00 00 00 00 A1 7E 
 7E 40 51 00 00 70 00 10 DC FD 1F 00 52 03 00 00 00 00 00 00 A1 7E 
 7E 40 51 00 00 70 00 10 DC FD 1F 00 52 03 00 00 00 00 00 00 A1 7E 
 7E 40 51 00 00 70 00 10 DC FD 1F 00 52 03 00 00 00 00 00 00 A1 7E 
 7E 40 51 00 00 70 00 10 DC FD 1F 00 52 03 00 00 00 00 00 00 A1 7E 
 7E 40 51 00 00 70 00 10 DC FD 1F 00 52 03 00 00 00 00 00 00 A1 7E 
 7E 40 51 00 00 70 00 10 CC FD 1F 00 52 03 00 00 00 00 00 00 B1 7E 
 7E 40 51 00 00 70 00 10 AC FD 1F 00 52 03 00 00 00 00 00 00 D1 7E 
 7E 40 51 00 00 70 00 10 AC FD 1F 00 52 03 00 00 00 00 00 00 D1 7E 
 7E 40 51 00 00 70 00 10 AC FD 1F 00 52 03 00 00 00 00 00 00 D1 7E 
 7E 40 51 00 00 70 00 10 AC FD 1F 00 52 03 00 00 00 00 00 00 D1 7E 
 7E 40 51 00 00 70 00 10 AC FD 1F 00 51 03 00 00 00 00 00 00 D2 7E 
 7E 40 51 00 00 70 00 10 AC FD 1F 00 51 03 00 00 00 00 00 00 D2 7E 
 7E 40 51 00 00 70 00 10 AC FD 1F 00 51 03 00 00 00 00 00 00 D2 7E 
 7E 40 51 00 00 70 00 10 AC FD 1F 00 51 03 00 00 00 00 00 00 D2 7E 
 7E 40 51 00 00 70 00 10 AC FD 1F 00 51 03 00 00 00 00 00 00 D2 7E 
 7E 40 51 00 00 70 FF 1F AC FD 1F 00 51 03 00 00 00 00 00 00 C4 7E 
 7E 40 51 00 00 70 00 10 AC FD 1F 00 51 03 00 00 00 00 00 00 D2 7E 
 7E 40 51 00 00 70 00 10 AC FD 1F 00 51 03 00 00 00 00 00 00 D2 7E 
 7E 40 51 00 00 70 00 10 AC FD 1F 00 51 03 00 00 00 00 00 00 D2 7E 
 7E 40 51 00 00 70 00 10 AC FD 1F 00 51 03 00 00 00 00 00 00 D2 7E 
 7E 40 51 00 00 70 00 10 AC FD 1F 00 51 03 00 00 00 00 00 00 D2 7E 
 7E 40 51 00 00 70 00 10 AC FD 1F 00 51 03 00 00 00 00 00 00 D2 7E 
 7E 40 51 00 00 70 00 10 AC FD 1F 00 51 03 00 00 00 00 00 00 D2 7E 
 7E 40 51 00 00 70 01 10 AC FD 1F 00 51 03 00 00 00 00 00 00 D1 7E 
 7E 40 51 00 00 70 00 10 AC FD 1F 00 51 03 00 00 00 00 00 00 D2 7E 
 7E 40 51 00 00 70 00 10 AC FD 1F 00 51 03 00 00 00 00 00 00 D2 7E 
 7E 40 51 00 00 70 00 10 AC FD 1F 00 51 03 00 00 00 00 00 00 D2 7E 
 7E 40 51 00 00 70 00 10 AC FD 1F 00 51 03 00 00 00 00 00 00 D2 7E 
 7E 40 51 00 00 70 01 10 AC FD 1F 00 51 03 00 00 00 00 00 00 D1 7E 
 7E 40 51 00 00 70 00 10 AC FD 1F 00 51 03 00 00 00 00 00 00 D2 7E 
 7E 40 51 00 00 70 00 10 AC FD 1F 00 50 03 00 00 00 00 00 00 D3 7E 
 7E 40 51 00 00 70 00 10 AC FD 1F 00 50 03 00 00 00 00 00 00 D3 7E 
 7E 40 51 00 00 70 00 10 AC FD 1F 00 50 03 00 00 00 00 00 00 D3 7E 
 7E 40 51 00 00 70 00 10 AC FD 1F 00 50 03 00 00 00 00 00 00 D3 7E 
 7E 40 51 00 00 70 01 10 AC FD 1F 00 50 03 00 00 00 00 00 00 D2 7E 
 7E 40 51 00 00 70 00 10 AC FD 1F 00 50 03 00 00 00 00 00 00 D3 7E 
 7E 40 51 00 00 70 00 10 AC FD 1F 00 50 03 00 00 00 00 00 00 D3 7E 
 7E 40 51 00 00 70 00 10 AC FD 1F 00 50 03 00 00 00 00 00 00 D3 7E 
 7E 40 51 00 00 70 00 10 AC FD 1F 00 50 03 00 00 00 00 00 00 D3 7E 
 7E 40 51 00 00 70 FF 1F AC FD 1F 00 50 03 00 00 00 00 00 00 C5 7E 
 7E 40 51 00 00 70 00 10 AC FD 1F 00 50 03 00 00 00 00 00 00 D3 7E 
 7E 40 51 00 00 70 00 10 AC FD 1F 00 50 03 00 00 00 00 00 00 D3 7E 
 7E 40 51 00 00 70 00 10 AC FD 1F 00 50 03 00 00 00 00 00 00 D3 7E 
 7E 40 51 00 00 70 00 10 AC FD 1F 00 50 03 00 00 00 00 00 00 D3 7E 
 7E 40 51 00 00 70 00 10 AC FD 1F 00 50 03 00 00 00 00 00 00 D3 7E 
 7E 40 51 00 00 70 00 10 AC FD 1F 00 50 03 00 00 00 00 00 00 D3 7E 
 7E 40 51 00 00 70 00 10 AC FD 1F 00 50 03 00 00 00 00 00 00 D3 7E 
 7E 40 51 00 00 70 00 10 AC FD 1F 00 50 03 00 00 00 00 00 00 D3 7E 
 7E 40 51 00 00 70 00 10 AC FD 1F 00 50 03 00 00 00 00 00 00 D3 7E 
 7E 40 51 00 00 70 00 10 AC FD 1F 00 50 03 00 00 00 00 00 00 D3 7E 
 7E 40 51 00 00 70 00 10 AC FD 1F 00 50 03 00 00 00 00 00 00 D3 7E 
 7E 40 51 00 00 70 00 10 AC FD 1F 00 50 03 00 00 00 00 00 00 D3 7E 
 7E 40 51 00 00 70 00 10 AC FD 1F 00 50 03 00 00 00 00 00 00 D3 7E 
 7E 40 51 00 00 70 00 10 AC FD 1F 00 50 03 00 00 00 00 00 00 D3 7E 
 7E 40 51 00 00 70 00 10 AC FD 1F 00 50 03 00 00 00 00 00 00 D3 7E 
 7E 40 51 00 00 70 00 10 AC FD 1F 00 50 03 00 00 00 00 00 00 D3 7E 
 7E 40 51 00 00 70 00 10 AC FD 1F 00 50 03 00 00 00 00 00 00 D3 7E 
 7E 40 51 00 00 70 00 10 AC FD 1F 00 50 03 00 00 00 00 00 00 D3 7E 
 7E 40 51 00 00 70 00 10 AC FD 1F 00 50 03 00 00 00 00 00 00 D3 7E 
 7E 40 51 00 00 70 00 10 AC FD 1F 00 50 03 00 00 00 00 00 00 D3 7E 
 7E 40 51 00 00 70 00 10 AC FD 1F 00 50 03 00 00 00 00 00 00 D3 7E 
 7E 40 51 00 00 70 00 10 AC FD 1F 00 50 03 00 00 00 00 00 00 D3 7E 
 7E 40 51 00 00 70 00 10 AC FD 1F 00 50 03 00 00 00 00 00 00 D3 7E 
 7E 40 51 00 00 70 01 10 AC FD 1F 00 50 03 00 00 00 00 00 00 D2 7E 
 7E 40 51 00 00 70 FF 1F AC FD 1F 00 50 03 00 00 00 00 00 00 C5 7E 
 7E 40 51 00 00 70 00 10 AC FD 1F 00 50 03 00 00 00 00 00 00 D3 7E 
 7E 40 51 00 00 70 00 10 AC FD 1F 00 50 03 00 00 00 00 00 00 D3 7E 
 7E 40 51 00 00 70 00 10 AC FD 1F 00 50 03 00 00 00 00 00 00 D3 7E 
 7E 40 51 00 00 70 00 10 AC FD 1F 00 50 03 00 00 00 00 00 00 D3 7E 
 7E 40 51 00 00 70 00 10 AC FD 1F 00 50 03 00 00 00 00 00 00 D3 7E 
 7E 40 51 00 00 70 00 10 AC FD 1F 00 50 03 00 00 00 00 00 00 D3 7E 
 7E 40 51 00 00 70 00 10 AC FD 1F 00 50 03 00 00 00 00 00 00 D3 7E 
 7E 40 51 00 00 70 00 10 AC FD 1F 00 50 03 00 00 00 00 00 00 D3 7E 
 7E 40 51 00 00 70 00 10 AC FD 1F 00 50 03 00 00 00 00 00 00 D3 7E 
 7E 40 51 00 00 70 00 10 AC FD 1F 00 50 03 00 00 00 00 00 00 D3 7E 
 7E 40 51 00 00 70 00 10 AC FD 1F 00 50 03 00 00 00 00 00 00 D3 7E 
 7E 40 51 00 00 70 00 10 AC FD 1F 00 50 03 00 00 00 00 00 00 D3 7E 
 7E 40 51 00 00 70 01 10 AC FD 1F 00 50 03 00 00 00 00 00 00 D2 7E 
 7E 40 51 00 00 70 00 10 AC FD 1F 00 50 03 00 00 00 00 00 00 D3 7E 
 7E 40 51 00 00 70 FF 1F AC FD 1F 00 50 03 00 00 00 00 00 00 C5 7E 
 7E 40 51 00 00 70 00 10 AC FD 1F 00 50 03 00 00 00 00 00 00 D3 7E 
 7E 40 51 00 00 70 00 10 AC FD 1F 00 50 03 00 00 00 00 00 00 D3 7E 
 7E 40 51 00 00 70 00 10 AC FD 1F 00 50 03 00 00 00 00 00 00 D3 7E 
 7E 40 51 00 00 70 00 10 AC FD 1F 00 50 03 00 00 00 00 00 00 D3 7E 
 7E 40 51 00 00 70 00 10 AC FD 1F 00 50 03 00 00 00 00 00 00 D3 7E 
 7E 40 51 00 00 70 00 10 AC FD 1F 00 50 03 00 00 00 00 00 00 D3 7E 
 7E 40 51 00 00 70 00 10 AC FD 1F 00 50 03 00 00 00 00 00 00 D3 7E 
 7E 40 51 00 00 70 00 10 AC FD 1F 00 50 03 00 00 00 00 00 00 D3 7E 
 7E 40 51 00 00 70 01 10 AC FD 1F 00 50 03 00 00 00 00 00 00 D2 7E 
 7E 40 51 00 00 70 00 10 AC FD 1F 00 50 03 00 00 00 00 00 00 D3 7E 
 7E 40 51 00 00 70 FF 1F AC FD 1F 00 50 03 00 00 00 00 00 00 C5 7E 
 7E 40 51 00 00 70 FF 1F AC FD 1F 00 50 03 00 00 00 00 00 00 C5 7E 
 7E 40 51 00 00 70 00 10 AC FD 1F 00 50 03 00 00 00 00 00 00 D3 7E 
 7E 40 51 00 00 70 00 10 AC FD 1F 00 50 03 00 00 00 00 00 00 D3 7E 
 7E 40 51 00 00 70 00 10 AC FD 1F 00 50 03 00 00 00 00 00 00 D3 7E 
 7E 40 51 00 00 70 00 10 AC FD 1F 00 50 03 00 00 00 00 00 00 D3 7E 
 7E 40 51 00 00 70 00 10 AC FD 1F 00 50 03 00 00 00 00 00 00 D3 7E 
 7E 40 51 00 00 70 00 10 AC FD 1F 00 50 03 00 00 00 00 00 00 D3 7E 
 7E 40 51 00 00 70 00 10 8C FD 1F 00 50 03 00 00 00 00 00 00 F3 7E 
 7E 40 51 00 00 70 00 10 8C FD 1F 00 50 03 00 00 00 00 00 00 F3 7E 
 7E 40 51 00 00 70 00 10 8C FD 1F 00 50 03 00 00 00 00 00 00 F3 7E 
 7E 40 51 00 00 70 00 10 8C FD 1F 00 50 03 00 00 00 00 00 00 F3 7E 
 7E 40 51 00 00 70 00 10 8C FD 1F 00 50 03 00 00 00 00 00 00 F3 7E 
 7E 40 51 00 00 70 00 10 8C FD 1F 00 50 03 00 00 00 00 00 00 F3 7E 
 7E 40 51 00 00 70 00 10 8C FD 1F 00 50 03 00 00 00 00 00 00 F3 7E 
 7E 40 51 00 00 70 00 10 8C FD 1F 00 50 03 00 00 00 00 00 00 F3 7E 
 7E 40 51 00 00 70 00 10 8C FD 1F 00 50 03 00 00 00 00 00 00 F3 7E 
